<?xml version="1.0" encoding="UTF-8"?>
<!-- Generated by org.testng.reporters.JUnitReportReporter -->
<testsuite hostname="LAPTOP-JAJCEFIR" failures="0" tests="3" name="fd_Cal.AppTest" time="2.169" errors="1" timestamp="2021-11-15T14:43:59 IST" skipped="2">
  <testcase classname="fd_Cal.AppTest" name="callDriver" time="2.169">
    <error message="session not created: This version of ChromeDriver only supports Chrome version 92
Current browser version is 95.0.4638.69 with binary path C:\Program Files\Google\Chrome\Application\chrome.exe
Build info: version: &#039;3.141.59&#039;, revision: &#039;e82be7d358&#039;, time: &#039;2018-11-14T08:17:03&#039;
System info: host: &#039;LAPTOP-JAJCEFIR&#039;, ip: &#039;192.168.1.38&#039;, os.name: &#039;Windows 10&#039;, os.arch: &#039;amd64&#039;, os.version: &#039;10.0&#039;, java.version: &#039;14.0.2&#039;
Driver info: driver.version: ChromeDriver
remote stacktrace: Backtrace:
	Ordinal0 [0x00A92A33+2501171]
	Ordinal0 [0x00A2D1C1+2085313]
	Ordinal0 [0x00931FA8+1056680]
	Ordinal0 [0x0095020A+1180170]
	Ordinal0 [0x0094C125+1163557]
	Ordinal0 [0x0094997F+1153407]
	Ordinal0 [0x0097999F+1350047]
	Ordinal0 [0x0097960A+1349130]
	Ordinal0 [0x0097551B+1332507]
	Ordinal0 [0x00951D74+1187188]
	Ordinal0 [0x00952BD9+1190873]
	GetHandleVerifier [0x00C0EFE6+1504438]
	GetHandleVerifier [0x00CBDDA5+2220661]
	GetHandleVerifier [0x00B15589+481881]
	GetHandleVerifier [0x00B14639+477961]
	Ordinal0 [0x00A328BD+2107581]
	Ordinal0 [0x00A36728+2123560]
	Ordinal0 [0x00A36862+2123874]
	Ordinal0 [0x00A3FA81+2161281]
	BaseThreadInitThunk [0x750EFA29+25]
	RtlGetAppContainerNamedObjectPath [0x77187A9E+286]
	RtlGetAppContainerNamedObjectPath [0x77187A6E+238]
" type="org.openqa.selenium.SessionNotCreatedException">
      <![CDATA[org.openqa.selenium.SessionNotCreatedException: session not created: This version of ChromeDriver only supports Chrome version 92
Current browser version is 95.0.4638.69 with binary path C:\Program Files\Google\Chrome\Application\chrome.exe
Build info: version: '3.141.59', revision: 'e82be7d358', time: '2018-11-14T08:17:03'
System info: host: 'LAPTOP-JAJCEFIR', ip: '192.168.1.38', os.name: 'Windows 10', os.arch: 'amd64', os.version: '10.0', java.version: '14.0.2'
Driver info: driver.version: ChromeDriver
remote stacktrace: Backtrace:
Ordinal0 [0x00A92A33+2501171]
Ordinal0 [0x00A2D1C1+2085313]
Ordinal0 [0x00931FA8+1056680]
Ordinal0 [0x0095020A+1180170]
Ordinal0 [0x0094C125+1163557]
Ordinal0 [0x0094997F+1153407]
Ordinal0 [0x0097999F+1350047]
Ordinal0 [0x0097960A+1349130]
Ordinal0 [0x0097551B+1332507]
Ordinal0 [0x00951D74+1187188]
Ordinal0 [0x00952BD9+1190873]
GetHandleVerifier [0x00C0EFE6+1504438]
GetHandleVerifier [0x00CBDDA5+2220661]
GetHandleVerifier [0x00B15589+481881]
GetHandleVerifier [0x00B14639+477961]
Ordinal0 [0x00A328BD+2107581]
Ordinal0 [0x00A36728+2123560]
Ordinal0 [0x00A36862+2123874]
Ordinal0 [0x00A3FA81+2161281]
BaseThreadInitThunk [0x750EFA29+25]
RtlGetAppContainerNamedObjectPath [0x77187A9E+286]
RtlGetAppContainerNamedObjectPath [0x77187A6E+238]

at java.base/jdk.internal.reflect.NativeConstructorAccessorImpl.newInstance0(Native Method)
at java.base/jdk.internal.reflect.NativeConstructorAccessorImpl.newInstance(NativeConstructorAccessorImpl.java:62)
at java.base/jdk.internal.reflect.DelegatingConstructorAccessorImpl.newInstance(DelegatingConstructorAccessorImpl.java:45)
at java.base/java.lang.reflect.Constructor.newInstanceWithCaller(Constructor.java:500)
at java.base/java.lang.reflect.Constructor.newInstance(Constructor.java:481)
at org.openqa.selenium.remote.W3CHandshakeResponse.lambda$errorHandler$0(W3CHandshakeResponse.java:62)
at org.openqa.selenium.remote.HandshakeResponse.lambda$getResponseFunction$0(HandshakeResponse.java:30)
at org.openqa.selenium.remote.ProtocolHandshake.lambda$createSession$0(ProtocolHandshake.java:126)
at java.base/java.util.stream.ReferencePipeline$3$1.accept(ReferencePipeline.java:195)
at java.base/java.util.Spliterators$ArraySpliterator.tryAdvance(Spliterators.java:958)
at java.base/java.util.stream.ReferencePipeline.forEachWithCancel(ReferencePipeline.java:127)
at java.base/java.util.stream.AbstractPipeline.copyIntoWithCancel(AbstractPipeline.java:502)
at java.base/java.util.stream.AbstractPipeline.copyInto(AbstractPipeline.java:488)
at java.base/java.util.stream.AbstractPipeline.wrapAndCopyInto(AbstractPipeline.java:474)
at java.base/java.util.stream.FindOps$FindOp.evaluateSequential(FindOps.java:150)
at java.base/java.util.stream.AbstractPipeline.evaluate(AbstractPipeline.java:234)
at java.base/java.util.stream.ReferencePipeline.findFirst(ReferencePipeline.java:543)
at org.openqa.selenium.remote.ProtocolHandshake.createSession(ProtocolHandshake.java:128)
at org.openqa.selenium.remote.ProtocolHandshake.createSession(ProtocolHandshake.java:74)
at org.openqa.selenium.remote.HttpCommandExecutor.execute(HttpCommandExecutor.java:136)
at org.openqa.selenium.remote.service.DriverCommandExecutor.execute(DriverCommandExecutor.java:83)
at org.openqa.selenium.remote.RemoteWebDriver.execute(RemoteWebDriver.java:552)
at org.openqa.selenium.remote.RemoteWebDriver.startSession(RemoteWebDriver.java:213)
at org.openqa.selenium.remote.RemoteWebDriver.<init>(RemoteWebDriver.java:131)
at org.openqa.selenium.chrome.ChromeDriver.<init>(ChromeDriver.java:181)
at org.openqa.selenium.chrome.ChromeDriver.<init>(ChromeDriver.java:168)
at org.openqa.selenium.chrome.ChromeDriver.<init>(ChromeDriver.java:123)
at fd_Cal.AppTest.callDriver(AppTest.java:29)
at java.base/jdk.internal.reflect.NativeMethodAccessorImpl.invoke0(Native Method)
at java.base/jdk.internal.reflect.NativeMethodAccessorImpl.invoke(NativeMethodAccessorImpl.java:62)
at java.base/jdk.internal.reflect.DelegatingMethodAccessorImpl.invoke(DelegatingMethodAccessorImpl.java:43)
at java.base/java.lang.reflect.Method.invoke(Method.java:564)
at org.testng.internal.MethodInvocationHelper.invokeMethod(MethodInvocationHelper.java:134)
at org.testng.internal.MethodInvocationHelper.invokeMethodConsideringTimeout(MethodInvocationHelper.java:63)
at org.testng.internal.ConfigInvoker.invokeConfigurationMethod(ConfigInvoker.java:348)
at org.testng.internal.ConfigInvoker.invokeConfigurations(ConfigInvoker.java:302)
at org.testng.internal.TestMethodWorker.invokeBeforeClassMethods(TestMethodWorker.java:176)
at org.testng.internal.TestMethodWorker.run(TestMethodWorker.java:122)
at java.base/java.util.ArrayList.forEach(ArrayList.java:1511)
at org.testng.TestRunner.privateRun(TestRunner.java:766)
at org.testng.TestRunner.run(TestRunner.java:587)
at org.testng.SuiteRunner.runTest(SuiteRunner.java:384)
at org.testng.SuiteRunner.runSequentially(SuiteRunner.java:378)
at org.testng.SuiteRunner.privateRun(SuiteRunner.java:337)
at org.testng.SuiteRunner.run(SuiteRunner.java:286)
at org.testng.SuiteRunnerWorker.runSuite(SuiteRunnerWorker.java:53)
at org.testng.SuiteRunnerWorker.run(SuiteRunnerWorker.java:96)
at org.testng.TestNG.runSuitesSequentially(TestNG.java:1187)
at org.testng.TestNG.runSuitesLocally(TestNG.java:1109)
at org.testng.TestNG.runSuites(TestNG.java:1039)
at org.testng.TestNG.run(TestNG.java:1007)
at org.testng.remote.AbstractRemoteTestNG.run(AbstractRemoteTestNG.java:115)
at org.testng.remote.RemoteTestNG.initAndRun(RemoteTestNG.java:251)
at org.testng.remote.RemoteTestNG.main(RemoteTestNG.java:77)
]]>
    </error>
  </testcase> <!-- callDriver -->
  <system-out/>
  <testcase classname="fd_Cal.AppTest" name="openPage" time="0.000">
    <skipped/>
  </testcase> <!-- openPage -->
  <system-out/>
  <testcase classname="fd_Cal.AppTest" name="fillform" time="0.000">
    <skipped/>
  </testcase> <!-- fillform -->
  <system-out/>
</testsuite> <!-- fd_Cal.AppTest -->
